<?xml version="1.0" encoding="UTF-8"?>
<testsuite name="problem1.OwnerTest" tests="4" skipped="0" failures="0" errors="0" timestamp="2020-01-14T06:39:41" hostname="RuoyundeMacBook-Pro.local" time="0.001">
  <properties/>
  <testcase name="isValidPhoneNum" classname="problem1.OwnerTest" time="0.001"/>
  <testcase name="getFirstName" classname="problem1.OwnerTest" time="0.0"/>
  <testcase name="getLastName" classname="problem1.OwnerTest" time="0.0"/>
  <testcase name="getPhoneNum" classname="problem1.OwnerTest" time="0.0"/>
  <system-out><![CDATA[]]></system-out>
  <system-err><![CDATA[]]></system-err>
</testsuite>
