<?xml version="1.0" encoding="UTF-8"?>
<testsuite name="problem3.AmountTest" tests="4" skipped="0" failures="0" errors="0" timestamp="2020-01-10T20:10:36" hostname="RuoyundeMacBook-Pro.local" time="0.001">
  <properties/>
  <testcase name="getDollars" classname="problem3.AmountTest" time="0.0"/>
  <testcase name="isValidDollars" classname="problem3.AmountTest" time="0.0"/>
  <testcase name="getCents" classname="problem3.AmountTest" time="0.0"/>
  <testcase name="isValidCents" classname="problem3.AmountTest" time="0.0"/>
  <system-out><![CDATA[]]></system-out>
  <system-err><![CDATA[]]></system-err>
</testsuite>
