<?xml version="1.0" encoding="UTF-8"?>
<testsuite name="problem2.TimeTest" tests="3" skipped="0" failures="0" errors="0" timestamp="2020-01-10T19:42:31" hostname="RuoyundeMacBook-Pro.local" time="0.001">
  <properties/>
  <testcase name="getSeconds" classname="problem2.TimeTest" time="0.0"/>
  <testcase name="getHours" classname="problem2.TimeTest" time="0.001"/>
  <testcase name="getMinutes" classname="problem2.TimeTest" time="0.0"/>
  <system-out><![CDATA[]]></system-out>
  <system-err><![CDATA[]]></system-err>
</testsuite>
