<?xml version="1.0" encoding="UTF-8"?>
<testsuite name="problem3.AmountTest" tests="2" skipped="0" failures="0" errors="0" timestamp="2020-01-10T08:12:24" hostname="RuoyundeMacBook-Pro.local" time="0.0">
  <properties/>
  <testcase name="getDollars" classname="problem3.AmountTest" time="0.0"/>
  <testcase name="getCents" classname="problem3.AmountTest" time="0.0"/>
  <system-out><![CDATA[]]></system-out>
  <system-err><![CDATA[]]></system-err>
</testsuite>
