<?xml version="1.0" encoding="UTF-8"?>
<testsuite name="problem3.AccountTest" tests="4" skipped="0" failures="0" errors="0" timestamp="2020-01-10T20:10:36" hostname="RuoyundeMacBook-Pro.local" time="0.001">
  <properties/>
  <testcase name="withdraw" classname="problem3.AccountTest" time="0.0"/>
  <testcase name="getAmount" classname="problem3.AccountTest" time="0.001"/>
  <testcase name="getHolder" classname="problem3.AccountTest" time="0.0"/>
  <testcase name="deposit" classname="problem3.AccountTest" time="0.0"/>
  <system-out><![CDATA[]]></system-out>
  <system-err><![CDATA[]]></system-err>
</testsuite>
