<?xml version="1.0" encoding="UTF-8"?>
<testsuite name="problem3.HolderTest" tests="2" skipped="0" failures="0" errors="0" timestamp="2020-01-10T19:42:31" hostname="RuoyundeMacBook-Pro.local" time="0.0">
  <properties/>
  <testcase name="getFirstName" classname="problem3.HolderTest" time="0.0"/>
  <testcase name="getLastName" classname="problem3.HolderTest" time="0.0"/>
  <system-out><![CDATA[]]></system-out>
  <system-err><![CDATA[]]></system-err>
</testsuite>
