<?xml version="1.0" encoding="UTF-8"?>
<testsuite name="problem2.RunnerTest" tests="5" skipped="0" failures="0" errors="0" timestamp="2020-01-10T19:07:25" hostname="RuoyundeMacBook-Pro.local" time="0.002">
  <properties/>
  <testcase name="getStartTime" classname="problem2.RunnerTest" time="0.0"/>
  <testcase name="getEndTime" classname="problem2.RunnerTest" time="0.0"/>
  <testcase name="getName" classname="problem2.RunnerTest" time="0.0"/>
  <testcase name="getTeam" classname="problem2.RunnerTest" time="0.0"/>
  <testcase name="getDuration" classname="problem2.RunnerTest" time="0.001"/>
  <system-out><![CDATA[]]></system-out>
  <system-err><![CDATA[]]></system-err>
</testsuite>
