<?xml version="1.0" encoding="UTF-8"?>
<testsuite name="EmailTest" tests="2" skipped="0" failures="0" errors="0" timestamp="2020-01-09T19:52:12" hostname="RuoyundeMacBook-Pro.local" time="0.002">
  <properties/>
  <testcase name="getLoginName" classname="EmailTest" time="0.002"/>
  <testcase name="getDomain" classname="EmailTest" time="0.0"/>
  <system-out><![CDATA[]]></system-out>
  <system-err><![CDATA[]]></system-err>
</testsuite>
