<?xml version="1.0" encoding="UTF-8"?>
<testsuite name="PersonTest" tests="2" skipped="0" failures="0" errors="0" timestamp="2020-01-09T06:39:42" hostname="RuoyundeMacBook-Pro.local" time="0.001">
  <properties/>
  <testcase name="getFirstName" classname="PersonTest" time="0.001"/>
  <testcase name="getLastName" classname="PersonTest" time="0.0"/>
  <system-out><![CDATA[]]></system-out>
  <system-err><![CDATA[]]></system-err>
</testsuite>
