<?xml version="1.0" encoding="UTF-8"?>
<testsuite name="AuthorTest" tests="3" skipped="0" failures="0" errors="0" timestamp="2020-01-09T19:52:12" hostname="RuoyundeMacBook-Pro.local" time="0.001">
  <properties/>
  <testcase name="getAddress" classname="AuthorTest" time="0.0"/>
  <testcase name="getPerson" classname="AuthorTest" time="0.0"/>
  <testcase name="getEmail" classname="AuthorTest" time="0.0"/>
  <system-out><![CDATA[]]></system-out>
  <system-err><![CDATA[]]></system-err>
</testsuite>
